# P섹션 교정 변경로그
# 생성시간: 2026-04-23 22:14:12
# Git: zhudoris475-gif / zhudoris475@gmail.com
# 원본: C:\Users\doris\Desktop\新词典\【21】P 2183-2268排版页数86-金花顺.hwp
# 출력: c:\Users\doris\Desktop\text\【21】P 2183-2268_교정본.hwp

총 변경 건수: 27

[2026-04-23 22:14:12] 표제어: 筢子
  변경전: 广东省
  변경후: 广东
  사유: 성/시자 생략 약식표기

[2026-04-23 22:14:12] 표제어: 扳谈
  변경전: 广东省
  변경후: 广东
  사유: 성/시자 생략 약식표기

[2026-04-23 22:14:12] 표제어: 抛砖引玉
  변경전: 吉林省
  변경후: 吉林
  사유: 성/시자 생략 약식표기

[2026-04-23 22:14:12] 표제어: 抛砖引玉
  변경전: 黑龙江省
  변경후: 黑龙江
  사유: 성/시자 생략 약식표기

[2026-04-23 22:14:12] 표제어: 跑报子
  변경전: 山西省
  변경후: 山西
  사유: 성/시자 생략 약식표기

[2026-04-23 22:14:12] 표제어: 膨松
  변경전: 台湾省
  변경후: 台湾
  사유: 성/시자 생략 약식표기

[2026-04-23 22:14:12] 표제어: 批租
  변경전: 江苏省
  변경후: 江苏
  사유: 성/시자 생략 약식표기

[2026-04-23 22:14:12] 표제어: 毗连
  변경전: 山东省
  변경후: 山东
  사유: 성/시자 생략 약식표기

[2026-04-23 22:14:12] 표제어: 毗连
  변경전: 江苏省
  변경후: 江苏
  사유: 성/시자 생략 약식표기

[2026-04-23 22:14:12] 표제어: 铍中毒
  변경전: 四川省
  변경후: 四川
  사유: 성/시자 생략 약식표기

[2026-04-23 22:14:12] 표제어: 谝嘴子
  변경전: 四川省
  변경후: 四川
  사유: 성/시자 생략 약식표기

[2026-04-23 22:14:12] 표제어: 撇嘴
  변경전: 江苏省
  변경후: 江苏
  사유: 성/시자 생략 약식표기

[2026-04-23 22:14:12] 표제어: 平陵
  변경전: 陕西省
  변경후: 陕西
  사유: 성/시자 생략 약식표기

[2026-04-23 22:14:12] 표제어: 平水珠茶
  변경전: 浙江省
  변경후: 浙江
  사유: 성/시자 생략 약식표기

[2026-04-23 22:14:12] 표제어: 评传
  변경전: 山西省
  변경후: 山西
  사유: 성/시자 생략 약식표기

[2026-04-23 22:14:12] 표제어: 婆子
  변경전: 江西省
  변경후: 江西
  사유: 성/시자 생략 약식표기

[2026-04-23 22:14:12] 표제어: 匍枝毛茛
  변경전: 福建省
  변경후: 福建
  사유: 성/시자 생략 약식표기

[2026-04-23 22:14:12] 표제어: 莆仙戏
  변경전: 福建省
  변경후: 福建
  사유: 성/시자 생략 약식표기

[2026-04-23 22:14:12] 표제어: 镤化合物
  변경전: 河南省
  변경후: 河南
  사유: 성/시자 생략 약식표기

[2026-04-23 22:14:12] 표제어: 濮阳
  변경전: 河南省
  변경후: 河南
  사유: 성/시자 생략 약식표기

[2026-04-23 22:14:12] 표제어: 朴拙
  변경전: 广东省
  변경후: 广东
  사유: 성/시자 생략 약식표기

[2026-04-23 22:14:12] 표제어: 圃鹀
  변경전: 浙江省
  변경후: 浙江
  사유: 성/시자 생략 약식표기

[2026-04-23 22:14:12] 표제어: 圃鹀
  변경전: 江苏省
  변경후: 江苏
  사유: 성/시자 생략 약식표기

[2026-04-23 22:14:12] 표제어: 浦东
  변경전: 上海市
  변경후: 上海
  사유: 성/시자 생략 약식표기

[2026-04-23 22:14:12] 표제어: 蹼趾
  변경전: 湖南省
  변경후: 湖南
  사유: 성/시자 생략 약식표기

[2026-04-23 22:14:12] 표제어: 蹼趾
  변경전: 浙江省
  변경후: 浙江
  사유: 성/시자 생략 약식표기

[2026-04-23 22:14:12] 표제어: 铺子
  변경전: 北京市
  변경후: 北京
  사유: 성/시자 생략 약식표기

